2021-05-30 18:52:52,588:INFO:PyCaret Supervised Module
2021-05-30 18:52:52,589:INFO:ML Usecase: regression
2021-05-30 18:52:52,591:INFO:version 2.3.1
2021-05-30 18:52:52,592:INFO:Initializing setup()
2021-05-30 18:52:52,593:INFO:setup(target=charges, ml_usecase=regression, available_plots={'parameter': 'Hyperparameters', 'residuals': 'Residuals', 'error': 'Prediction Error', 'cooks': 'Cooks Distance', 'rfe': 'Feature Selection', 'learning': 'Learning Curve', 'manifold': 'Manifold Learning', 'vc': 'Validation Curve', 'feature': 'Feature Importance', 'feature_all': 'Feature Importance (All)', 'tree': 'Decision Tree', 'residuals_interactive': 'Interactive Residuals'}, train_size=0.7, test_data=None, preprocess=True, imputation_type=simple, iterative_imputation_iters=5, categorical_features=None, categorical_imputation=constant, categorical_iterative_imputer=lightgbm, ordinal_features=None, high_cardinality_features=None, high_cardinality_method=frequency, numeric_features=None, numeric_imputation=mean, numeric_iterative_imputer=lightgbm, date_features=None, ignore_features=None, normalize=False, normalize_method=zscore, transformation=False, transformation_method=yeo-johnson, handle_unknown_categorical=True, unknown_categorical_method=least_frequent, pca=False, pca_method=linear, pca_components=None, ignore_low_variance=False, combine_rare_levels=False, rare_level_threshold=0.1, bin_numeric_features=None, remove_outliers=False, outliers_threshold=0.05, remove_multicollinearity=False, multicollinearity_threshold=0.9, remove_perfect_collinearity=True, create_clusters=False, cluster_iter=20, polynomial_features=False, polynomial_degree=2, trigonometry_features=False, polynomial_threshold=0.1, group_features=None, group_names=None, feature_selection=False, feature_selection_threshold=0.8, feature_selection_method=classic, feature_interaction=False, feature_ratio=False, interaction_threshold=0.01, fix_imbalance=False, fix_imbalance_method=None, transform_target=False, transform_target_method=box-cox, data_split_shuffle=True, data_split_stratify=False, fold_strategy=kfold, fold=10, fold_shuffle=False, fold_groups=None, n_jobs=-1, use_gpu=False, custom_pipeline=None, html=True, session_id=123, log_experiment=False, experiment_name=None, log_plots=False, log_profile=False, log_data=False, silent=False, verbose=True, profile=False, profile_kwargs=None, display=None)
2021-05-30 18:52:52,593:INFO:Checking environment
2021-05-30 18:52:52,593:INFO:python_version: 3.7.0
2021-05-30 18:52:52,593:INFO:python_build: ('default', 'Oct  9 2018 10:31:47')
2021-05-30 18:52:52,593:INFO:machine: x86_64
2021-05-30 18:52:52,637:INFO:platform: Linux-4.15.0-143-generic-x86_64-with-debian-buster-sid
2021-05-30 18:52:52,637:INFO:Memory: svmem(total=8250793984, available=445083648, percent=94.6, used=6711902208, free=150941696, active=6435041280, inactive=1182588928, buffers=82796544, cached=1305153536, shared=819728384, slab=222687232)
2021-05-30 18:52:52,638:INFO:Physical Core: 2
2021-05-30 18:52:52,638:INFO:Logical Core: 4
2021-05-30 18:52:52,638:INFO:Checking libraries
2021-05-30 18:52:52,638:INFO:pd==1.1.5
2021-05-30 18:52:52,638:INFO:numpy==1.19.5
2021-05-30 18:52:52,638:INFO:sklearn==0.23.2
2021-05-30 18:52:52,638:INFO:lightgbm==3.2.1
2021-05-30 18:52:52,638:WARNING:catboost not found
2021-05-30 18:52:52,639:WARNING:xgboost not found
2021-05-30 18:52:57,228:INFO:mlflow==1.17.0
2021-05-30 18:52:57,228:INFO:Checking Exceptions
2021-05-30 18:52:57,228:INFO:Declaring global variables
2021-05-30 18:52:57,229:INFO:USI: fac7
2021-05-30 18:52:57,229:INFO:pycaret_globals: {'y', '_available_plots', 'y_test', 'logging_param', 'fix_imbalance_method_param', 'target_param', '_all_models_internal', '_ml_usecase', 'fold_groups_param', 'fold_groups_param_full', 'fix_imbalance_param', '_all_models', 'n_jobs_param', 'X', 'master_model_container', 'imputation_regressor', 'pycaret_globals', 'gpu_param', 'y_train', 'X_train', 'stratify_param', 'exp_name_log', 'iterative_imputation_iters_param', 'fold_shuffle_param', 'fold_param', 'create_model_container', 'display_container', 'X_test', 'prep_pipe', 'transform_target_method_param', 'imputation_classifier', 'fold_generator', '_internal_pipeline', 'experiment__', 'USI', 'log_plots_param', 'transform_target_param', '_all_metrics', 'data_before_preprocess', 'seed', '_gpu_n_jobs_param', 'html_param'}
2021-05-30 18:52:57,229:INFO:Preparing display monitor
2021-05-30 18:52:57,230:INFO:Preparing display monitor
2021-05-30 18:52:57,319:INFO:Importing libraries
2021-05-30 18:52:57,321:INFO:Copying data for preprocessing
2021-05-30 18:52:57,346:INFO:Declaring preprocessing parameters
2021-05-30 18:52:57,367:INFO:Creating preprocessing pipeline
2021-05-30 18:52:57,373:INFO:Preprocessing pipeline created successfully
2021-05-30 18:52:57,373:ERROR:(Process Exit): setup has been interupted with user command 'quit'. setup must rerun.
2021-05-30 18:52:57,373:INFO:Creating global containers
2021-05-30 18:52:57,397:INFO:Internal pipeline: Pipeline(memory=None, steps=[('empty_step', 'passthrough')], verbose=False)
2021-05-30 18:53:22,213:WARNING:Couldn't import xgboost.XGBRegressor
2021-05-30 18:53:22,214:WARNING:Couldn't import catboost.CatBoostRegressor
2021-05-30 18:53:22,328:WARNING:Couldn't import xgboost.XGBRegressor
2021-05-30 18:53:22,329:WARNING:Couldn't import catboost.CatBoostRegressor
2021-05-30 18:53:22,329:INFO:Creating grid variables
2021-05-30 18:53:22,840:INFO:create_model_container: 0
2021-05-30 18:53:22,841:INFO:master_model_container: 0
2021-05-30 18:53:22,841:INFO:display_container: 1
2021-05-30 18:53:22,848:INFO:Pipeline(memory=None,
         steps=[('dtypes',
                 DataTypes_Auto_infer(categorical_features=[],
                                      display_types=True, features_todrop=[],
                                      id_columns=[], ml_usecase='regression',
                                      numerical_features=[], target='charges',
                                      time_features=[])),
                ('imputer',
                 Simple_Imputer(categorical_strategy='not_available',
                                fill_value_categorical=None,
                                fill_value_numerical=None,
                                numeric_strategy...
                ('scaling', 'passthrough'), ('P_transform', 'passthrough'),
                ('binn', 'passthrough'), ('rem_outliers', 'passthrough'),
                ('cluster_all', 'passthrough'),
                ('dummy', Dummify(target='charges')),
                ('fix_perfect', Remove_100(target='charges')),
                ('clean_names', Clean_Colum_Names()),
                ('feature_select', 'passthrough'), ('fix_multi', 'passthrough'),
                ('dfs', 'passthrough'), ('pca', 'passthrough')],
         verbose=False)
2021-05-30 18:53:22,848:INFO:setup() succesfully completed......................................
2021-05-30 18:53:40,824:INFO:Initializing create_model()
2021-05-30 18:53:40,825:INFO:create_model(estimator=lr, fold=None, round=4, cross_validation=True, predict=True, fit_kwargs=None, groups=None, refit=True, verbose=True, system=True, metrics=None, display=None, kwargs={})
2021-05-30 18:53:40,825:INFO:Checking exceptions
2021-05-30 18:53:40,825:INFO:Preparing display monitor
2021-05-30 18:53:40,858:INFO:Importing libraries
2021-05-30 18:53:40,858:INFO:Copying training dataset
2021-05-30 18:53:40,860:INFO:Defining folds
2021-05-30 18:53:40,860:INFO:Declaring metric variables
2021-05-30 18:53:40,875:INFO:Importing untrained model
2021-05-30 18:53:40,888:INFO:Linear Regression Imported succesfully
2021-05-30 18:53:40,914:INFO:Starting cross validation
2021-05-30 18:53:40,988:INFO:Cross validating with KFold(n_splits=10, random_state=None, shuffle=False), n_jobs=-1
2021-05-30 18:54:08,495:INFO:Calculating mean and std
2021-05-30 18:54:08,530:INFO:Creating metrics dataframe
2021-05-30 18:54:08,591:INFO:Finalizing model
2021-05-30 18:54:08,637:INFO:Uploading results into container
2021-05-30 18:54:08,638:INFO:Uploading model into container now
2021-05-30 18:54:08,684:INFO:create_model_container: 1
2021-05-30 18:54:08,684:INFO:master_model_container: 1
2021-05-30 18:54:08,685:INFO:display_container: 2
2021-05-30 18:54:08,685:INFO:LinearRegression(copy_X=True, fit_intercept=True, n_jobs=-1, normalize=False)
2021-05-30 18:54:08,685:INFO:create_model() succesfully completed......................................
2021-05-30 18:54:15,651:INFO:Initializing plot_model()
2021-05-30 18:54:15,653:INFO:plot_model(plot=residuals, fold=None, use_train_data=False, verbose=True, is_in_evaluate=False, display=None, display_format=None, estimator=LinearRegression(copy_X=True, fit_intercept=True, n_jobs=-1, normalize=False), feature_name=None, fit_kwargs=None, groups=None, label=False, save=False, scale=1, system=True)
2021-05-30 18:54:15,653:INFO:Checking exceptions
2021-05-30 18:54:15,653:INFO:Preparing display monitor
2021-05-30 18:54:15,798:INFO:Preloading libraries
2021-05-30 18:54:15,803:INFO:Copying training dataset
2021-05-30 18:54:15,805:INFO:Copying test dataset
2021-05-30 18:54:15,808:INFO:Plot type: residuals
2021-05-30 18:54:17,790:INFO:Fitting Model
2021-05-30 18:54:17,915:INFO:Scoring test/hold-out set
2021-05-30 18:54:19,061:INFO:Visual Rendered Successfully
2021-05-30 18:54:19,125:INFO:plot_model() succesfully completed......................................
2021-05-30 18:54:51,211:INFO:PyCaret Supervised Module
2021-05-30 18:54:51,212:INFO:ML Usecase: regression
2021-05-30 18:54:51,213:INFO:version 2.3.1
2021-05-30 18:54:51,213:INFO:Initializing setup()
2021-05-30 18:54:51,213:INFO:setup(target=charges, ml_usecase=regression, available_plots={'parameter': 'Hyperparameters', 'residuals': 'Residuals', 'error': 'Prediction Error', 'cooks': 'Cooks Distance', 'rfe': 'Feature Selection', 'learning': 'Learning Curve', 'manifold': 'Manifold Learning', 'vc': 'Validation Curve', 'feature': 'Feature Importance', 'feature_all': 'Feature Importance (All)', 'tree': 'Decision Tree', 'residuals_interactive': 'Interactive Residuals'}, train_size=0.7, test_data=None, preprocess=True, imputation_type=simple, iterative_imputation_iters=5, categorical_features=None, categorical_imputation=constant, categorical_iterative_imputer=lightgbm, ordinal_features=None, high_cardinality_features=None, high_cardinality_method=frequency, numeric_features=None, numeric_imputation=mean, numeric_iterative_imputer=lightgbm, date_features=None, ignore_features=None, normalize=True, normalize_method=zscore, transformation=False, transformation_method=yeo-johnson, handle_unknown_categorical=True, unknown_categorical_method=least_frequent, pca=False, pca_method=linear, pca_components=None, ignore_low_variance=False, combine_rare_levels=False, rare_level_threshold=0.1, bin_numeric_features=['age', 'bmi'], remove_outliers=False, outliers_threshold=0.05, remove_multicollinearity=False, multicollinearity_threshold=0.9, remove_perfect_collinearity=True, create_clusters=False, cluster_iter=20, polynomial_features=True, polynomial_degree=2, trigonometry_features=True, polynomial_threshold=0.1, group_features=None, group_names=None, feature_selection=False, feature_selection_threshold=0.8, feature_selection_method=classic, feature_interaction=True, feature_ratio=False, interaction_threshold=0.01, fix_imbalance=False, fix_imbalance_method=None, transform_target=False, transform_target_method=box-cox, data_split_shuffle=True, data_split_stratify=False, fold_strategy=kfold, fold=10, fold_shuffle=False, fold_groups=None, n_jobs=-1, use_gpu=False, custom_pipeline=None, html=True, session_id=123, log_experiment=False, experiment_name=None, log_plots=False, log_profile=False, log_data=False, silent=False, verbose=True, profile=False, profile_kwargs=None, display=None)
2021-05-30 18:54:51,213:INFO:Checking environment
2021-05-30 18:54:51,213:INFO:python_version: 3.7.0
2021-05-30 18:54:51,214:INFO:python_build: ('default', 'Oct  9 2018 10:31:47')
2021-05-30 18:54:51,214:INFO:machine: x86_64
2021-05-30 18:54:51,214:INFO:platform: Linux-4.15.0-143-generic-x86_64-with-debian-buster-sid
2021-05-30 18:54:51,215:INFO:Memory: svmem(total=8250793984, available=204038144, percent=97.5, used=6963978240, free=152367104, active=6548303872, inactive=1063874560, buffers=23314432, cached=1111134208, shared=810180608, slab=221089792)
2021-05-30 18:54:51,215:INFO:Physical Core: 2
2021-05-30 18:54:51,215:INFO:Logical Core: 4
2021-05-30 18:54:51,215:INFO:Checking libraries
2021-05-30 18:54:51,215:INFO:pd==1.1.5
2021-05-30 18:54:51,215:INFO:numpy==1.19.5
2021-05-30 18:54:51,215:INFO:sklearn==0.23.2
2021-05-30 18:54:51,215:INFO:lightgbm==3.2.1
2021-05-30 18:54:51,215:WARNING:catboost not found
2021-05-30 18:54:51,216:WARNING:xgboost not found
2021-05-30 18:54:51,216:INFO:mlflow==1.17.0
2021-05-30 18:54:51,216:INFO:Checking Exceptions
2021-05-30 18:54:51,216:INFO:Declaring global variables
2021-05-30 18:54:51,216:INFO:USI: 70c1
2021-05-30 18:54:51,216:INFO:pycaret_globals: {'y', '_available_plots', 'y_test', 'logging_param', 'fix_imbalance_method_param', 'target_param', '_all_models_internal', '_ml_usecase', 'fold_groups_param', 'fold_groups_param_full', 'fix_imbalance_param', '_all_models', 'n_jobs_param', 'X', 'master_model_container', 'imputation_regressor', 'pycaret_globals', 'gpu_param', 'y_train', 'X_train', 'stratify_param', 'exp_name_log', 'iterative_imputation_iters_param', 'fold_shuffle_param', 'fold_param', 'create_model_container', 'display_container', 'X_test', 'prep_pipe', 'transform_target_method_param', 'imputation_classifier', 'fold_generator', '_internal_pipeline', 'experiment__', 'USI', 'log_plots_param', 'transform_target_param', '_all_metrics', 'data_before_preprocess', 'seed', '_gpu_n_jobs_param', 'html_param'}
2021-05-30 18:54:51,216:INFO:Preparing display monitor
2021-05-30 18:54:51,216:INFO:Preparing display monitor
2021-05-30 18:54:51,270:INFO:Importing libraries
2021-05-30 18:54:51,270:INFO:Copying data for preprocessing
2021-05-30 18:54:51,281:INFO:Declaring preprocessing parameters
2021-05-30 18:54:51,284:INFO:Creating preprocessing pipeline
2021-05-30 18:54:51,372:INFO:Preprocessing pipeline created successfully
2021-05-30 18:54:51,373:ERROR:(Process Exit): setup has been interupted with user command 'quit'. setup must rerun.
2021-05-30 18:54:51,373:INFO:Creating global containers
2021-05-30 18:54:51,374:INFO:Internal pipeline: Pipeline(memory=None, steps=[('empty_step', 'passthrough')], verbose=False)
2021-05-30 18:55:05,002:WARNING:Couldn't import xgboost.XGBRegressor
2021-05-30 18:55:05,003:WARNING:Couldn't import catboost.CatBoostRegressor
2021-05-30 18:55:05,129:WARNING:Couldn't import xgboost.XGBRegressor
2021-05-30 18:55:05,130:WARNING:Couldn't import catboost.CatBoostRegressor
2021-05-30 18:55:05,131:INFO:Creating grid variables
2021-05-30 18:55:05,147:INFO:create_model_container: 0
2021-05-30 18:55:05,148:INFO:master_model_container: 0
2021-05-30 18:55:05,148:INFO:display_container: 1
2021-05-30 18:55:05,156:INFO:Pipeline(memory=None,
         steps=[('dtypes',
                 DataTypes_Auto_infer(categorical_features=[],
                                      display_types=True, features_todrop=[],
                                      id_columns=[], ml_usecase='regression',
                                      numerical_features=[], target='charges',
                                      time_features=[])),
                ('imputer',
                 Simple_Imputer(categorical_strategy='not_available',
                                fill_value_categorical=None,
                                fill_value_numerical=None,
                                numeric_strategy...
                ('dummy', Dummify(target='charges')),
                ('fix_perfect', Remove_100(target='charges')),
                ('clean_names', Clean_Colum_Names()),
                ('feature_select', 'passthrough'), ('fix_multi', 'passthrough'),
                ('dfs',
                 DFS_Classic(interactions=['multiply'], ml_usecase='regression',
                             n_jobs=-1, random_state=123, subclass='binary',
                             target='charges',
                             top_features_to_pick_percentage=None)),
                ('pca', 'passthrough')],
         verbose=False)
2021-05-30 18:55:05,157:INFO:setup() succesfully completed......................................
2021-05-30 18:57:13,388:INFO:Initializing create_model()
2021-05-30 18:57:13,862:INFO:create_model(estimator=lr, fold=None, round=4, cross_validation=True, predict=True, fit_kwargs=None, groups=None, refit=True, verbose=True, system=True, metrics=None, display=None, kwargs={})
2021-05-30 18:57:13,864:INFO:Checking exceptions
2021-05-30 18:57:13,865:INFO:Preparing display monitor
2021-05-30 18:57:16,784:INFO:Importing libraries
2021-05-30 18:57:17,564:INFO:Copying training dataset
2021-05-30 18:57:17,569:INFO:Defining folds
2021-05-30 18:57:17,570:INFO:Declaring metric variables
2021-05-30 18:57:17,606:INFO:Importing untrained model
2021-05-30 18:57:17,618:INFO:Linear Regression Imported succesfully
2021-05-30 18:57:17,641:INFO:Starting cross validation
2021-05-30 18:57:17,642:INFO:Cross validating with KFold(n_splits=10, random_state=None, shuffle=False), n_jobs=-1
2021-05-30 18:57:21,232:INFO:Calculating mean and std
2021-05-30 18:57:21,293:INFO:Creating metrics dataframe
2021-05-30 18:57:21,326:INFO:Finalizing model
2021-05-30 18:57:21,335:INFO:Uploading results into container
2021-05-30 18:57:21,335:INFO:Uploading model into container now
2021-05-30 18:57:22,056:INFO:create_model_container: 1
2021-05-30 18:57:22,057:INFO:master_model_container: 1
2021-05-30 18:57:22,057:INFO:display_container: 2
2021-05-30 18:57:22,058:INFO:LinearRegression(copy_X=True, fit_intercept=True, n_jobs=-1, normalize=False)
2021-05-30 18:57:22,058:INFO:create_model() succesfully completed......................................
2021-05-30 18:57:35,643:INFO:Initializing plot_model()
2021-05-30 18:57:36,367:INFO:plot_model(plot=residuals, fold=None, use_train_data=False, verbose=True, is_in_evaluate=False, display=None, display_format=None, estimator=LinearRegression(copy_X=True, fit_intercept=True, n_jobs=-1, normalize=False), feature_name=None, fit_kwargs=None, groups=None, label=False, save=False, scale=1, system=True)
2021-05-30 18:57:36,368:INFO:Checking exceptions
2021-05-30 18:57:36,369:INFO:Preparing display monitor
2021-05-30 18:57:36,399:INFO:Preloading libraries
2021-05-30 18:57:36,404:INFO:Copying training dataset
2021-05-30 18:57:36,407:INFO:Copying test dataset
2021-05-30 18:57:36,408:INFO:Plot type: residuals
2021-05-30 18:57:37,183:INFO:Fitting Model
2021-05-30 18:57:37,600:INFO:Scoring test/hold-out set
2021-05-30 18:57:40,171:INFO:Visual Rendered Successfully
2021-05-30 18:57:40,236:INFO:plot_model() succesfully completed......................................
2021-05-30 18:58:00,000:INFO:Initializing save_model()
2021-05-30 18:58:00,000:INFO:save_model(model=LinearRegression(copy_X=True, fit_intercept=True, n_jobs=-1, normalize=False), model_name=deployment_24052021, prep_pipe_=Pipeline(memory=None,
         steps=[('dtypes',
                 DataTypes_Auto_infer(categorical_features=[],
                                      display_types=True, features_todrop=[],
                                      id_columns=[], ml_usecase='regression',
                                      numerical_features=[], target='charges',
                                      time_features=[])),
                ('imputer',
                 Simple_Imputer(categorical_strategy='not_available',
                                fill_value_categorical=None,
                                fill_value_numerical=None,
                                numeric_strategy...
                ('dummy', Dummify(target='charges')),
                ('fix_perfect', Remove_100(target='charges')),
                ('clean_names', Clean_Colum_Names()),
                ('feature_select', 'passthrough'), ('fix_multi', 'passthrough'),
                ('dfs',
                 DFS_Classic(interactions=['multiply'], ml_usecase='regression',
                             n_jobs=-1, random_state=123, subclass='binary',
                             target='charges',
                             top_features_to_pick_percentage=None)),
                ('pca', 'passthrough')],
         verbose=False), verbose=True, kwargs={})
2021-05-30 18:58:00,000:INFO:Adding model into prep_pipe
2021-05-30 18:58:00,201:INFO:deployment_24052021.pkl saved in current working directory
2021-05-30 18:58:00,211:INFO:Pipeline(memory=None,
         steps=[('dtypes',
                 DataTypes_Auto_infer(categorical_features=[],
                                      display_types=True, features_todrop=[],
                                      id_columns=[], ml_usecase='regression',
                                      numerical_features=[], target='charges',
                                      time_features=[])),
                ('imputer',
                 Simple_Imputer(categorical_strategy='not_available',
                                fill_value_categorical=None,
                                fill_value_numerical=None,
                                numeric_strategy...
                ('feature_select', 'passthrough'), ('fix_multi', 'passthrough'),
                ('dfs',
                 DFS_Classic(interactions=['multiply'], ml_usecase='regression',
                             n_jobs=-1, random_state=123, subclass='binary',
                             target='charges',
                             top_features_to_pick_percentage=None)),
                ('pca', 'passthrough'),
                ['trained_model',
                 LinearRegression(copy_X=True, fit_intercept=True, n_jobs=-1,
                                  normalize=False)]],
         verbose=False)
2021-05-30 18:58:00,211:INFO:save_model() succesfully completed......................................
2021-05-30 18:58:31,904:INFO:Initializing load_model()
2021-05-30 18:58:31,904:INFO:load_model(model_name=deployment_24052021, platform=None, authentication=None, verbose=True)
2021-05-30 19:46:13,562:INFO:Initializing load_model()
2021-05-30 19:46:13,576:INFO:load_model(model_name=deployment_24052021, platform=None, authentication=None, verbose=True)
2021-05-30 19:47:30,504:INFO:Initializing load_model()
2021-05-30 19:47:30,517:INFO:load_model(model_name=deployment_24052021, platform=None, authentication=None, verbose=True)
2021-05-30 19:48:52,539:INFO:Initializing predict_model()
2021-05-30 19:48:52,553:INFO:predict_model(estimator=Pipeline(steps=[('dtypes',
                 DataTypes_Auto_infer(ml_usecase='regression',
                                      target='charges')),
                ('imputer',
                 Simple_Imputer(categorical_strategy='not_available',
                                fill_value_categorical=None,
                                fill_value_numerical=None,
                                numeric_strategy='mean',
                                target_variable=None)),
                ('new_levels1',
                 New_Catagorical_Levels_in_TestData(replacement_strategy='least '
                                                                         'frequent',
                                                    target=...
                ('fix_perfect', Remove_100(target='charges')),
                ('clean_names', Clean_Colum_Names()),
                ('feature_select', 'passthrough'), ('fix_multi', 'passthrough'),
                ('dfs',
                 DFS_Classic(interactions=['multiply'], ml_usecase='regression',
                             n_jobs=-1, random_state=123, subclass='binary',
                             target='charges',
                             top_features_to_pick_percentage=None)),
                ('pca', 'passthrough'),
                ['trained_model', LinearRegression(n_jobs=-1)]]), probability_threshold=None, encoded_labels=True, raw_score=False, round=0, verbose=True, ml_usecase=MLUsecase.REGRESSION, display=None)
2021-05-30 19:48:52,554:INFO:Checking exceptions
2021-05-30 19:48:52,554:INFO:Preloading libraries
