2021-06-06 15:09:16,550:INFO:PyCaret Classification Module
2021-06-06 15:09:16,550:INFO:version 2.0
2021-06-06 15:09:16,550:INFO:Initializing setup()
2021-06-06 15:09:16,551:INFO:USI: bb69
2021-06-06 15:09:16,551:INFO:setup(data=(330, 13), target=Placed, train_size=0.7, sampling=True, sample_estimator=None, categorical_features=None, categorical_imputation=constant, ordinal_features=None,
                    high_cardinality_features=None, high_cardinality_method=frequency, numeric_features=None, numeric_imputation=mean, date_features=None, ignore_features=['RegNo.'], normalize=False,
                    normalize_method=zscore, transformation=False, transformation_method=yeo-johnson, handle_unknown_categorical=True, unknown_categorical_method=least_frequent, pca=False, pca_method=linear,
                    pca_components=None, ignore_low_variance=False, combine_rare_levels=False, rare_level_threshold=0.1, bin_numeric_features=None, remove_outliers=False, outliers_threshold=0.05,
                    remove_multicollinearity=False, multicollinearity_threshold=0.9, remove_perfect_collinearity=False, create_clusters=False, cluster_iter=20,
                    polynomial_features=False, polynomial_degree=2, trigonometry_features=False, polynomial_threshold=0.1, group_features=None,
                    group_names=None, feature_selection=False, feature_selection_threshold=0.8, feature_interaction=False, feature_ratio=False, interaction_threshold=0.01,
                    fix_imbalance=False, fix_imbalance_method=None, data_split_shuffle=True, folds_shuffle=False, n_jobs=-1, html=True, session_id=123, log_experiment=False,
                    experiment_name=None, log_plots=False, log_profile=False, log_data=False, silent=True, verbose=True, profile=False)
2021-06-06 15:09:16,551:INFO:Checking environment
2021-06-06 15:09:16,552:INFO:python_version: 3.7.0
2021-06-06 15:09:16,552:INFO:python_build: ('default', 'Oct  9 2018 10:31:47')
2021-06-06 15:09:16,577:INFO:machine: x86_64
2021-06-06 15:09:16,589:INFO:platform: Linux-4.15.0-144-generic-x86_64-with-debian-buster-sid
2021-06-06 15:09:16,757:INFO:Memory: svmem(total=8250802176, available=786939904, percent=90.5, used=6281216000, free=139923456, active=6199558144, inactive=1445818368, buffers=114032640, cached=1715630080, shared=1027096576, slab=214450176)
2021-06-06 15:09:16,759:INFO:Physical Core: 2
2021-06-06 15:09:16,760:INFO:Logical Core: 4
2021-06-06 15:09:16,760:INFO:Checking libraries
2021-06-06 15:09:16,760:INFO:pd==1.1.5
2021-06-06 15:09:16,761:INFO:numpy==1.19.5
2021-06-06 15:09:22,060:INFO:sklearn==0.23.2
2021-06-06 15:09:23,278:INFO:xgboost==1.4.2
2021-06-06 15:09:24,082:INFO:lightgbm==3.2.1
2021-06-06 15:09:29,391:INFO:catboost==0.25.1
2021-06-06 15:09:33,434:INFO:mlflow==1.17.0
2021-06-06 15:09:33,435:INFO:Checking Exceptions
2021-06-06 15:09:33,458:INFO:Preloading libraries
2021-06-06 15:09:33,458:INFO:Preparing display monitor
2021-06-06 15:09:33,541:INFO:Importing libraries
2021-06-06 15:09:41,793:INFO:Copying data for preprocessing
2021-06-06 15:09:41,795:INFO:Declaring global variables
2021-06-06 15:09:41,809:INFO:Declaring preprocessing parameters
2021-06-06 15:09:41,809:INFO:Importing preprocessing module
2021-06-06 15:09:47,209:INFO:Creating preprocessing pipeline
2021-06-06 15:09:48,578:INFO:Preprocessing pipeline created successfully
2021-06-06 15:09:48,578:ERROR:(Process Exit): setup has been interupted with user command 'quit'. setup must rerun.
2021-06-06 15:09:48,578:INFO:Creating grid variables
2021-06-06 15:09:48,585:INFO:Creating global containers
2021-06-06 15:09:48,982:INFO:create_model_container 0
2021-06-06 15:09:48,982:INFO:master_model_container 0
2021-06-06 15:09:48,983:INFO:display_container 0
2021-06-06 15:09:48,989:INFO:Pipeline(memory=None,
         steps=[('dtypes',
                 DataTypes_Auto_infer(categorical_features=[],
                                      display_types=False,
                                      features_todrop=['RegNo.'],
                                      ml_usecase='classification',
                                      numerical_features=[], target='Placed',
                                      time_features=[])),
                ('imputer',
                 Simple_Imputer(categorical_strategy='not_available',
                                numeric_strategy='mean',
                                target_variable=None)),
                ('new_levels1',
                 New_Catago...
                ('group', Empty()), ('nonliner', Empty()), ('scaling', Empty()),
                ('P_transform', Empty()), ('pt_target', Empty()),
                ('binn', Empty()), ('rem_outliers', Empty()),
                ('cluster_all', Empty()), ('dummy', Dummify(target='Placed')),
                ('fix_perfect', Empty()), ('clean_names', Clean_Colum_Names()),
                ('feature_select', Empty()), ('fix_multi', Empty()),
                ('dfs', Empty()), ('pca', Empty())],
         verbose=False)
2021-06-06 15:09:48,989:INFO:setup() succesfully completed......................................
2021-06-06 15:09:48,990:INFO:Initializing create_model()
2021-06-06 15:09:48,990:INFO:create_model(estimator=gbc, ensemble=False, method=None, fold=10, round=4, cross_validation=True, verbose=True, system=True)
2021-06-06 15:09:48,990:INFO:Checking exceptions
2021-06-06 15:09:48,990:INFO:Preloading libraries
2021-06-06 15:09:48,990:INFO:Preparing display monitor
2021-06-06 15:15:50,814:INFO:PyCaret Classification Module
2021-06-06 15:15:50,814:INFO:version 2.0
2021-06-06 15:15:50,814:INFO:Initializing setup()
2021-06-06 15:15:50,814:INFO:USI: ef3c
2021-06-06 15:15:50,814:INFO:setup(data=(330, 13), target=Placed, train_size=0.7, sampling=True, sample_estimator=None, categorical_features=None, categorical_imputation=constant, ordinal_features=None,
                    high_cardinality_features=None, high_cardinality_method=frequency, numeric_features=None, numeric_imputation=mean, date_features=None, ignore_features=['RegNo.'], normalize=False,
                    normalize_method=zscore, transformation=False, transformation_method=yeo-johnson, handle_unknown_categorical=True, unknown_categorical_method=least_frequent, pca=False, pca_method=linear,
                    pca_components=None, ignore_low_variance=False, combine_rare_levels=False, rare_level_threshold=0.1, bin_numeric_features=None, remove_outliers=False, outliers_threshold=0.05,
                    remove_multicollinearity=False, multicollinearity_threshold=0.9, remove_perfect_collinearity=False, create_clusters=False, cluster_iter=20,
                    polynomial_features=False, polynomial_degree=2, trigonometry_features=False, polynomial_threshold=0.1, group_features=None,
                    group_names=None, feature_selection=False, feature_selection_threshold=0.8, feature_interaction=False, feature_ratio=False, interaction_threshold=0.01,
                    fix_imbalance=False, fix_imbalance_method=None, data_split_shuffle=True, folds_shuffle=False, n_jobs=-1, html=True, session_id=123, log_experiment=False,
                    experiment_name=None, log_plots=False, log_profile=False, log_data=False, silent=True, verbose=True, profile=False)
2021-06-06 15:15:50,814:INFO:Checking environment
2021-06-06 15:15:50,814:INFO:python_version: 3.7.0
2021-06-06 15:15:50,814:INFO:python_build: ('default', 'Oct  9 2018 10:31:47')
2021-06-06 15:15:50,836:INFO:machine: x86_64
2021-06-06 15:15:50,845:INFO:platform: Linux-4.15.0-144-generic-x86_64-with-debian-buster-sid
2021-06-06 15:15:50,997:INFO:Memory: svmem(total=8250802176, available=950710272, percent=88.5, used=6210740224, free=189542400, active=6180700160, inactive=1415561216, buffers=94400512, cached=1756119040, shared=926183424, slab=214310912)
2021-06-06 15:15:51,000:INFO:Physical Core: 2
2021-06-06 15:15:51,000:INFO:Logical Core: 4
2021-06-06 15:15:51,000:INFO:Checking libraries
2021-06-06 15:15:51,000:INFO:pd==1.1.5
2021-06-06 15:15:51,001:INFO:numpy==1.19.5
2021-06-06 15:15:55,651:INFO:sklearn==0.23.2
2021-06-06 15:15:56,206:INFO:xgboost==1.4.2
2021-06-06 15:15:56,644:INFO:lightgbm==3.2.1
2021-06-06 15:16:01,064:INFO:catboost==0.25.1
2021-06-06 15:16:04,503:INFO:mlflow==1.17.0
2021-06-06 15:16:04,503:INFO:Checking Exceptions
2021-06-06 15:16:04,504:INFO:Preloading libraries
2021-06-06 15:16:04,504:INFO:Preparing display monitor
2021-06-06 15:16:04,546:INFO:Importing libraries
2021-06-06 15:16:10,592:INFO:Copying data for preprocessing
2021-06-06 15:16:10,594:INFO:Declaring global variables
2021-06-06 15:16:10,601:INFO:Declaring preprocessing parameters
2021-06-06 15:16:10,601:INFO:Importing preprocessing module
2021-06-06 15:16:12,354:INFO:Creating preprocessing pipeline
2021-06-06 15:16:13,007:INFO:Preprocessing pipeline created successfully
2021-06-06 15:16:13,007:ERROR:(Process Exit): setup has been interupted with user command 'quit'. setup must rerun.
2021-06-06 15:16:13,007:INFO:Creating grid variables
2021-06-06 15:16:13,009:INFO:Creating global containers
2021-06-06 15:16:13,264:INFO:create_model_container 0
2021-06-06 15:16:13,264:INFO:master_model_container 0
2021-06-06 15:16:13,264:INFO:display_container 0
2021-06-06 15:16:13,271:INFO:Pipeline(memory=None,
         steps=[('dtypes',
                 DataTypes_Auto_infer(categorical_features=[],
                                      display_types=False,
                                      features_todrop=['RegNo.'],
                                      ml_usecase='classification',
                                      numerical_features=[], target='Placed',
                                      time_features=[])),
                ('imputer',
                 Simple_Imputer(categorical_strategy='not_available',
                                numeric_strategy='mean',
                                target_variable=None)),
                ('new_levels1',
                 New_Catago...
                ('group', Empty()), ('nonliner', Empty()), ('scaling', Empty()),
                ('P_transform', Empty()), ('pt_target', Empty()),
                ('binn', Empty()), ('rem_outliers', Empty()),
                ('cluster_all', Empty()), ('dummy', Dummify(target='Placed')),
                ('fix_perfect', Empty()), ('clean_names', Clean_Colum_Names()),
                ('feature_select', Empty()), ('fix_multi', Empty()),
                ('dfs', Empty()), ('pca', Empty())],
         verbose=False)
2021-06-06 15:16:13,271:INFO:setup() succesfully completed......................................
2021-06-06 15:16:13,272:INFO:Initializing create_model()
2021-06-06 15:16:13,272:INFO:create_model(estimator=gbc, ensemble=False, method=None, fold=10, round=4, cross_validation=True, verbose=True, system=True)
2021-06-06 15:16:13,272:INFO:Checking exceptions
2021-06-06 15:16:13,272:INFO:Preloading libraries
2021-06-06 15:16:13,272:INFO:Preparing display monitor
2021-06-06 15:21:59,814:INFO:PyCaret Classification Module
2021-06-06 15:21:59,814:INFO:version 2.0
2021-06-06 15:21:59,814:INFO:Initializing setup()
2021-06-06 15:21:59,815:INFO:USI: fd5e
2021-06-06 15:21:59,815:INFO:setup(data=(330, 13), target=Placed, train_size=0.7, sampling=True, sample_estimator=None, categorical_features=None, categorical_imputation=constant, ordinal_features=None,
                    high_cardinality_features=None, high_cardinality_method=frequency, numeric_features=None, numeric_imputation=mean, date_features=None, ignore_features=['RegNo.'], normalize=False,
                    normalize_method=zscore, transformation=False, transformation_method=yeo-johnson, handle_unknown_categorical=True, unknown_categorical_method=least_frequent, pca=False, pca_method=linear,
                    pca_components=None, ignore_low_variance=False, combine_rare_levels=False, rare_level_threshold=0.1, bin_numeric_features=None, remove_outliers=False, outliers_threshold=0.05,
                    remove_multicollinearity=False, multicollinearity_threshold=0.9, remove_perfect_collinearity=False, create_clusters=False, cluster_iter=20,
                    polynomial_features=False, polynomial_degree=2, trigonometry_features=False, polynomial_threshold=0.1, group_features=None,
                    group_names=None, feature_selection=False, feature_selection_threshold=0.8, feature_interaction=False, feature_ratio=False, interaction_threshold=0.01,
                    fix_imbalance=False, fix_imbalance_method=None, data_split_shuffle=True, folds_shuffle=False, n_jobs=-1, html=True, session_id=123, log_experiment=False,
                    experiment_name=None, log_plots=False, log_profile=False, log_data=False, silent=True, verbose=True, profile=False)
2021-06-06 15:21:59,815:INFO:Checking environment
2021-06-06 15:21:59,815:INFO:python_version: 3.7.0
2021-06-06 15:21:59,815:INFO:python_build: ('default', 'Oct  9 2018 10:31:47')
2021-06-06 15:21:59,974:INFO:machine: x86_64
2021-06-06 15:21:59,989:INFO:platform: Linux-4.15.0-144-generic-x86_64-with-debian-buster-sid
2021-06-06 15:22:00,122:INFO:Memory: svmem(total=8250802176, available=753602560, percent=90.9, used=6548709376, free=153858048, active=6269968384, inactive=1355935744, buffers=56537088, cached=1491697664, shared=802390016, slab=214126592)
2021-06-06 15:22:00,123:INFO:Physical Core: 2
2021-06-06 15:22:00,123:INFO:Logical Core: 4
2021-06-06 15:22:00,123:INFO:Checking libraries
2021-06-06 15:22:00,123:INFO:pd==1.1.5
2021-06-06 15:22:00,123:INFO:numpy==1.19.5
2021-06-06 15:22:09,734:INFO:sklearn==0.23.2
2021-06-06 15:22:10,454:INFO:xgboost==1.4.2
2021-06-06 15:22:11,004:INFO:lightgbm==3.2.1
2021-06-06 15:22:16,779:INFO:catboost==0.25.1
2021-06-06 15:22:21,187:INFO:mlflow==1.17.0
2021-06-06 15:22:21,188:INFO:Checking Exceptions
2021-06-06 15:22:21,189:INFO:Preloading libraries
2021-06-06 15:22:21,190:INFO:Preparing display monitor
2021-06-06 15:22:21,228:INFO:Importing libraries
2021-06-06 15:22:28,711:INFO:Copying data for preprocessing
2021-06-06 15:22:28,712:INFO:Declaring global variables
2021-06-06 15:22:28,716:INFO:Declaring preprocessing parameters
2021-06-06 15:22:28,716:INFO:Importing preprocessing module
2021-06-06 15:22:32,594:INFO:Creating preprocessing pipeline
2021-06-06 15:22:33,451:INFO:Preprocessing pipeline created successfully
2021-06-06 15:22:33,451:ERROR:(Process Exit): setup has been interupted with user command 'quit'. setup must rerun.
2021-06-06 15:22:33,451:INFO:Creating grid variables
2021-06-06 15:22:33,452:INFO:Creating global containers
2021-06-06 15:22:33,740:INFO:create_model_container 0
2021-06-06 15:22:33,740:INFO:master_model_container 0
2021-06-06 15:22:33,740:INFO:display_container 0
2021-06-06 15:22:33,746:INFO:Pipeline(memory=None,
         steps=[('dtypes',
                 DataTypes_Auto_infer(categorical_features=[],
                                      display_types=False,
                                      features_todrop=['RegNo.'],
                                      ml_usecase='classification',
                                      numerical_features=[], target='Placed',
                                      time_features=[])),
                ('imputer',
                 Simple_Imputer(categorical_strategy='not_available',
                                numeric_strategy='mean',
                                target_variable=None)),
                ('new_levels1',
                 New_Catago...
                ('group', Empty()), ('nonliner', Empty()), ('scaling', Empty()),
                ('P_transform', Empty()), ('pt_target', Empty()),
                ('binn', Empty()), ('rem_outliers', Empty()),
                ('cluster_all', Empty()), ('dummy', Dummify(target='Placed')),
                ('fix_perfect', Empty()), ('clean_names', Clean_Colum_Names()),
                ('feature_select', Empty()), ('fix_multi', Empty()),
                ('dfs', Empty()), ('pca', Empty())],
         verbose=False)
2021-06-06 15:22:33,746:INFO:setup() succesfully completed......................................
2021-06-06 15:22:33,747:INFO:Initializing create_model()
2021-06-06 15:22:33,747:INFO:create_model(estimator=gbc, ensemble=False, method=None, fold=10, round=4, cross_validation=True, verbose=False, system=True)
2021-06-06 15:22:33,747:INFO:Checking exceptions
2021-06-06 15:22:33,747:INFO:Preloading libraries
2021-06-06 15:22:33,747:INFO:Preparing display monitor
2021-06-06 15:22:33,756:INFO:Copying training dataset
2021-06-06 15:22:33,756:INFO:Importing libraries
2021-06-06 15:22:33,756:INFO:Defining folds
2021-06-06 15:22:33,757:INFO:Declaring metric variables
2021-06-06 15:22:33,757:INFO:Importing untrained model
2021-06-06 15:22:33,757:INFO:Gradient Boosting Classifier Imported succesfully
2021-06-06 15:22:33,758:INFO:Checking ensemble method
2021-06-06 15:22:33,761:INFO:Initializing Fold 1
2021-06-06 15:22:33,762:INFO:Fitting Model
2021-06-06 15:22:33,930:INFO:Evaluating Metrics
2021-06-06 15:22:33,948:INFO:Compiling Metrics
2021-06-06 15:22:33,974:INFO:Initializing Fold 2
2021-06-06 15:22:33,975:INFO:Fitting Model
2021-06-06 15:22:34,071:INFO:Evaluating Metrics
2021-06-06 15:22:34,078:INFO:Compiling Metrics
2021-06-06 15:22:34,083:INFO:Initializing Fold 3
2021-06-06 15:22:34,084:INFO:Fitting Model
2021-06-06 15:22:34,178:INFO:Evaluating Metrics
2021-06-06 15:22:34,186:INFO:Compiling Metrics
2021-06-06 15:22:34,190:INFO:Initializing Fold 4
2021-06-06 15:22:34,191:INFO:Fitting Model
2021-06-06 15:22:34,284:INFO:Evaluating Metrics
2021-06-06 15:22:34,292:INFO:Compiling Metrics
2021-06-06 15:22:34,296:INFO:Initializing Fold 5
2021-06-06 15:22:34,297:INFO:Fitting Model
2021-06-06 15:22:34,395:INFO:Evaluating Metrics
2021-06-06 15:22:34,403:INFO:Compiling Metrics
2021-06-06 15:22:34,407:INFO:Initializing Fold 6
2021-06-06 15:22:34,408:INFO:Fitting Model
2021-06-06 15:22:34,502:INFO:Evaluating Metrics
2021-06-06 15:22:34,510:INFO:Compiling Metrics
2021-06-06 15:22:34,515:INFO:Initializing Fold 7
2021-06-06 15:22:34,515:INFO:Fitting Model
2021-06-06 15:22:34,609:INFO:Evaluating Metrics
2021-06-06 15:22:34,617:INFO:Compiling Metrics
2021-06-06 15:22:34,621:INFO:Initializing Fold 8
2021-06-06 15:22:34,622:INFO:Fitting Model
2021-06-06 15:22:34,716:INFO:Evaluating Metrics
2021-06-06 15:22:34,724:INFO:Compiling Metrics
2021-06-06 15:22:34,729:INFO:Initializing Fold 9
2021-06-06 15:22:34,729:INFO:Fitting Model
2021-06-06 15:22:34,825:INFO:Evaluating Metrics
2021-06-06 15:22:34,832:INFO:Compiling Metrics
2021-06-06 15:22:34,837:INFO:Initializing Fold 10
2021-06-06 15:22:34,838:INFO:Fitting Model
2021-06-06 15:22:34,932:INFO:Evaluating Metrics
2021-06-06 15:22:34,940:INFO:Compiling Metrics
2021-06-06 15:22:34,944:INFO:Calculating mean and std
2021-06-06 15:22:34,945:INFO:Creating metrics dataframe
2021-06-06 15:22:34,949:INFO:Finalizing model
2021-06-06 15:22:35,047:INFO:Uploading results into container
2021-06-06 15:22:35,048:INFO:Uploading model into container now
2021-06-06 15:22:35,048:INFO:create_model_container: 1
2021-06-06 15:22:35,048:INFO:master_model_container: 1
2021-06-06 15:22:35,048:INFO:display_container: 1
2021-06-06 15:22:35,048:INFO:GradientBoostingClassifier(ccp_alpha=0.0, criterion='friedman_mse', init=None,
                           learning_rate=0.1, loss='deviance', max_depth=3,
                           max_features=None, max_leaf_nodes=None,
                           min_impurity_decrease=0.0, min_impurity_split=None,
                           min_samples_leaf=1, min_samples_split=2,
                           min_weight_fraction_leaf=0.0, n_estimators=100,
                           n_iter_no_change=None, presort='deprecated',
                           random_state=123, subsample=1.0, tol=0.0001,
                           validation_fraction=0.1, verbose=0,
                           warm_start=False)
2021-06-06 15:22:35,048:INFO:create_model() succesfully completed......................................
2021-06-06 15:22:35,049:INFO:Initializing save_model()
2021-06-06 15:22:35,049:INFO:save_model(model=GradientBoostingClassifier(ccp_alpha=0.0, criterion='friedman_mse', init=None,
                           learning_rate=0.1, loss='deviance', max_depth=3,
                           max_features=None, max_leaf_nodes=None,
                           min_impurity_decrease=0.0, min_impurity_split=None,
                           min_samples_leaf=1, min_samples_split=2,
                           min_weight_fraction_leaf=0.0, n_estimators=100,
                           n_iter_no_change=None, presort='deprecated',
                           random_state=123, subsample=1.0, tol=0.0001,
                           validation_fraction=0.1, verbose=0,
                           warm_start=False), model_name=deployment_05062021, verbose=True)
2021-06-06 15:22:35,049:INFO:Appending prep pipeline
2021-06-06 15:22:35,085:INFO:deployment_05062021.pkl saved in current working directory
2021-06-06 15:22:35,093:INFO:[Pipeline(memory=None,
         steps=[('dtypes',
                 DataTypes_Auto_infer(categorical_features=[],
                                      display_types=False,
                                      features_todrop=['RegNo.'],
                                      ml_usecase='classification',
                                      numerical_features=[], target='Placed',
                                      time_features=[])),
                ('imputer',
                 Simple_Imputer(categorical_strategy='not_available',
                                numeric_strategy='mean',
                                target_variable=None)),
                ('new_levels1',
                 New_Catago...
                ('group', Empty()), ('nonliner', Empty()), ('scaling', Empty()),
                ('P_transform', Empty()), ('pt_target', Empty()),
                ('binn', Empty()), ('rem_outliers', Empty()),
                ('cluster_all', Empty()), ('dummy', Dummify(target='Placed')),
                ('fix_perfect', Empty()), ('clean_names', Clean_Colum_Names()),
                ('feature_select', Empty()), ('fix_multi', Empty()),
                ('dfs', Empty()), ('pca', Empty())],
         verbose=False), GradientBoostingClassifier(ccp_alpha=0.0, criterion='friedman_mse', init=None,
                           learning_rate=0.1, loss='deviance', max_depth=3,
                           max_features=None, max_leaf_nodes=None,
                           min_impurity_decrease=0.0, min_impurity_split=None,
                           min_samples_leaf=1, min_samples_split=2,
                           min_weight_fraction_leaf=0.0, n_estimators=100,
                           n_iter_no_change=None, presort='deprecated',
                           random_state=123, subsample=1.0, tol=0.0001,
                           validation_fraction=0.1, verbose=0,
                           warm_start=False)]
2021-06-06 15:22:35,093:INFO:save_model() succesfully completed......................................
