2021-06-05 14:28:37,184:INFO:PyCaret Regression Module
2021-06-05 14:28:37,184:INFO:version 2.0
2021-06-05 14:28:37,184:INFO:Initializing setup()
2021-06-05 14:28:37,184:INFO:USI: 253a
2021-06-05 14:28:37,184:INFO:setup(data=(1338, 7), target=charges, train_size=0.7, sampling=True, sample_estimator=None, categorical_features=None, categorical_imputation=constant, ordinal_features=None,
                    high_cardinality_features=None, high_cardinality_method=frequency, numeric_features=None, numeric_imputation=mean, date_features=None, ignore_features=None, normalize=True,
                    normalize_method=zscore, transformation=False, transformation_method=yeo-johnson, handle_unknown_categorical=True, unknown_categorical_method=least_frequent, pca=False, pca_method=linear,
                    pca_components=None, ignore_low_variance=False, combine_rare_levels=False, rare_level_threshold=0.1, bin_numeric_features=['age', 'bmi'], remove_outliers=False, outliers_threshold=0.05,
                    remove_multicollinearity=False, multicollinearity_threshold=0.9, remove_perfect_collinearity=False, create_clusters=False, cluster_iter=20,
                    polynomial_features=True, polynomial_degree=2, trigonometry_features=True, polynomial_threshold=0.1, group_features=None,
                    group_names=None, feature_selection=False, feature_selection_threshold=0.8, feature_interaction=True, feature_ratio=False, interaction_threshold=0.01, transform_target=False,
                    transform_target_method=box-cox, data_split_shuffle=True, folds_shuffle=False, n_jobs=-1, html=True, session_id=123, log_experiment=False,
                    experiment_name=None, log_plots=False, log_profile=False, log_data=False, silent=True, verbose=True, profile=False)
2021-06-05 14:28:37,184:INFO:Checking environment
2021-06-05 14:28:37,184:INFO:python_version: 3.7.0
2021-06-05 14:28:37,184:INFO:python_build: ('default', 'Oct  9 2018 10:31:47')
2021-06-05 14:28:37,185:INFO:machine: x86_64
2021-06-05 14:28:37,202:INFO:platform: Linux-4.15.0-144-generic-x86_64-with-debian-buster-sid
2021-06-05 14:28:37,300:INFO:Memory: svmem(total=8250802176, available=669507584, percent=91.9, used=6556430336, free=157020160, active=6363361280, inactive=1245835264, buffers=78786560, cached=1458565120, shared=766615552, slab=224223232)
2021-06-05 14:28:37,302:INFO:Physical Core: 2
2021-06-05 14:28:37,302:INFO:Logical Core: 4
2021-06-05 14:28:37,303:INFO:Checking libraries
2021-06-05 14:28:37,303:INFO:pd==1.1.5
2021-06-05 14:28:37,303:INFO:numpy==1.19.5
2021-06-05 14:28:48,119:INFO:sklearn==0.23.2
2021-06-05 14:28:49,094:INFO:xgboost==1.4.2
2021-06-05 14:28:49,743:INFO:lightgbm==3.2.1
2021-06-05 14:28:51,908:INFO:catboost==0.25.1
2021-06-05 14:28:56,206:INFO:mlflow==1.17.0
2021-06-05 14:28:56,207:INFO:Checking Exceptions
2021-06-05 14:28:56,207:INFO:Preloading libraries
2021-06-05 14:28:56,208:INFO:Preparing display monitor
2021-06-05 14:28:56,249:INFO:Importing libraries
2021-06-05 14:29:05,903:INFO:Copying data for preprocessing
2021-06-05 14:29:05,905:INFO:Declaring global variables
2021-06-05 14:29:05,916:INFO:Declaring preprocessing parameters
2021-06-05 14:29:05,917:INFO:Importing preprocessing module
2021-06-05 14:29:10,976:INFO:Creating preprocessing pipeline
2021-06-05 14:29:15,073:INFO:Preprocessing pipeline created successfully
2021-06-05 14:29:15,073:INFO:No inverse transformer found
2021-06-05 14:29:15,073:INFO:Creating grid variables
2021-06-05 14:29:15,075:INFO:Creating global containers
2021-06-05 14:29:17,094:INFO:create_model_container: 0
2021-06-05 14:29:17,095:INFO:master_model_container: 0
2021-06-05 14:29:17,095:INFO:display_container: 0
2021-06-05 14:29:17,095:INFO:setup() succesfully completed......................................
2021-06-05 14:29:17,095:INFO:Initializing create_model()
2021-06-05 14:29:17,096:INFO:create_model(estimator=lr, ensemble=False, method=None, fold=10, round=4, cross_validation=True, verbose=False, system=True)
2021-06-05 14:29:17,096:INFO:Checking exceptions
2021-06-05 14:29:17,096:INFO:Preloading libraries
2021-06-05 14:29:17,096:INFO:Preparing display monitor
2021-06-05 14:29:17,104:INFO:Copying training dataset
2021-06-05 14:29:17,105:INFO:Importing libraries
2021-06-05 14:29:17,105:INFO:Defining folds
2021-06-05 14:29:17,105:INFO:Declaring metric variables
2021-06-05 14:29:17,106:INFO:Linear Regression Imported succesfully
2021-06-05 14:29:17,106:INFO:Checking ensemble method
2021-06-05 14:29:17,106:INFO:Initializing Fold 1
2021-06-05 14:29:17,107:INFO:Fitting Model
2021-06-05 14:29:17,879:INFO:Evaluating Metrics
2021-06-05 14:29:17,885:INFO:No inverse transformation
2021-06-05 14:29:17,886:INFO:Compiling Metrics
2021-06-05 14:29:17,902:INFO:Initializing Fold 2
2021-06-05 14:29:17,905:INFO:Fitting Model
2021-06-05 14:29:17,918:INFO:Evaluating Metrics
2021-06-05 14:29:17,922:INFO:No inverse transformation
2021-06-05 14:29:17,923:INFO:Compiling Metrics
2021-06-05 14:29:17,940:INFO:Initializing Fold 3
2021-06-05 14:29:17,943:INFO:Fitting Model
2021-06-05 14:29:17,953:INFO:Evaluating Metrics
2021-06-05 14:29:17,960:INFO:No inverse transformation
2021-06-05 14:29:17,961:INFO:Compiling Metrics
2021-06-05 14:29:17,973:INFO:Initializing Fold 4
2021-06-05 14:29:17,976:INFO:Fitting Model
2021-06-05 14:29:17,987:INFO:Evaluating Metrics
2021-06-05 14:29:17,993:INFO:No inverse transformation
2021-06-05 14:29:17,995:INFO:Compiling Metrics
2021-06-05 14:29:18,007:INFO:Initializing Fold 5
2021-06-05 14:29:18,009:INFO:Fitting Model
2021-06-05 14:29:18,023:INFO:Evaluating Metrics
2021-06-05 14:29:18,028:INFO:No inverse transformation
2021-06-05 14:29:18,030:INFO:Compiling Metrics
2021-06-05 14:29:18,041:INFO:Initializing Fold 6
2021-06-05 14:29:18,044:INFO:Fitting Model
2021-06-05 14:29:18,055:INFO:Evaluating Metrics
2021-06-05 14:29:18,060:INFO:No inverse transformation
2021-06-05 14:29:18,061:INFO:Compiling Metrics
2021-06-05 14:29:18,072:INFO:Initializing Fold 7
2021-06-05 14:29:18,074:INFO:Fitting Model
2021-06-05 14:29:18,084:INFO:Evaluating Metrics
2021-06-05 14:29:18,090:INFO:No inverse transformation
2021-06-05 14:29:18,091:INFO:Compiling Metrics
2021-06-05 14:29:18,106:INFO:Initializing Fold 8
2021-06-05 14:29:18,109:INFO:Fitting Model
2021-06-05 14:29:18,122:INFO:Evaluating Metrics
2021-06-05 14:29:18,127:INFO:No inverse transformation
2021-06-05 14:29:18,129:INFO:Compiling Metrics
2021-06-05 14:29:18,141:INFO:Initializing Fold 9
2021-06-05 14:29:18,144:INFO:Fitting Model
2021-06-05 14:29:18,156:INFO:Evaluating Metrics
2021-06-05 14:29:18,161:INFO:No inverse transformation
2021-06-05 14:29:18,163:INFO:Compiling Metrics
2021-06-05 14:29:18,173:INFO:Initializing Fold 10
2021-06-05 14:29:18,175:INFO:Fitting Model
2021-06-05 14:29:18,188:INFO:Evaluating Metrics
2021-06-05 14:29:18,193:INFO:No inverse transformation
2021-06-05 14:29:18,194:INFO:Compiling Metrics
2021-06-05 14:29:18,207:INFO:Calculating mean and std
2021-06-05 14:29:18,209:INFO:Creating metrics dataframe
2021-06-05 14:29:18,221:INFO:Finalizing model
2021-06-05 14:29:18,232:INFO:Uploading results into container
2021-06-05 14:29:18,234:INFO:Uploading model into container
2021-06-05 14:29:18,234:INFO:create_model_container: 1
2021-06-05 14:29:18,235:INFO:master_model_container: 1
2021-06-05 14:29:18,236:INFO:display_container: 1
2021-06-05 14:29:18,236:INFO:LinearRegression(copy_X=True, fit_intercept=True, n_jobs=-1, normalize=False)
2021-06-05 14:29:18,236:INFO:create_model() succesfully completed......................................
2021-06-05 14:30:02,624:INFO:PyCaret Regression Module
2021-06-05 14:30:02,625:INFO:version 2.0
2021-06-05 14:30:02,625:INFO:Initializing setup()
2021-06-05 14:30:02,625:INFO:USI: 1975
2021-06-05 14:30:02,626:INFO:setup(data=(1338, 7), target=charges, train_size=0.7, sampling=True, sample_estimator=None, categorical_features=None, categorical_imputation=constant, ordinal_features=None,
                    high_cardinality_features=None, high_cardinality_method=frequency, numeric_features=None, numeric_imputation=mean, date_features=None, ignore_features=None, normalize=True,
                    normalize_method=zscore, transformation=False, transformation_method=yeo-johnson, handle_unknown_categorical=True, unknown_categorical_method=least_frequent, pca=False, pca_method=linear,
                    pca_components=None, ignore_low_variance=False, combine_rare_levels=False, rare_level_threshold=0.1, bin_numeric_features=['age', 'bmi'], remove_outliers=False, outliers_threshold=0.05,
                    remove_multicollinearity=False, multicollinearity_threshold=0.9, remove_perfect_collinearity=False, create_clusters=False, cluster_iter=20,
                    polynomial_features=True, polynomial_degree=2, trigonometry_features=True, polynomial_threshold=0.1, group_features=None,
                    group_names=None, feature_selection=False, feature_selection_threshold=0.8, feature_interaction=True, feature_ratio=False, interaction_threshold=0.01, transform_target=False,
                    transform_target_method=box-cox, data_split_shuffle=True, folds_shuffle=False, n_jobs=-1, html=True, session_id=123, log_experiment=False,
                    experiment_name=None, log_plots=False, log_profile=False, log_data=False, silent=True, verbose=True, profile=False)
2021-06-05 14:30:02,626:INFO:Checking environment
2021-06-05 14:30:02,626:INFO:python_version: 3.7.0
2021-06-05 14:30:02,626:INFO:python_build: ('default', 'Oct  9 2018 10:31:47')
2021-06-05 14:30:02,627:INFO:machine: x86_64
2021-06-05 14:30:02,641:INFO:platform: Linux-4.15.0-144-generic-x86_64-with-debian-buster-sid
2021-06-05 14:30:02,719:INFO:Memory: svmem(total=8250802176, available=802889728, percent=90.3, used=6605836288, free=289222656, active=6235897856, inactive=1242480640, buffers=86347776, cached=1269395456, shared=571142144, slab=223367168)
2021-06-05 14:30:02,720:INFO:Physical Core: 2
2021-06-05 14:30:02,720:INFO:Logical Core: 4
2021-06-05 14:30:02,721:INFO:Checking libraries
2021-06-05 14:30:02,721:INFO:pd==1.1.5
2021-06-05 14:30:02,721:INFO:numpy==1.19.5
2021-06-05 14:30:06,584:INFO:sklearn==0.23.2
2021-06-05 14:30:07,283:INFO:xgboost==1.4.2
2021-06-05 14:30:07,721:INFO:lightgbm==3.2.1
2021-06-05 14:30:08,884:INFO:catboost==0.25.1
2021-06-05 14:30:12,469:INFO:mlflow==1.17.0
2021-06-05 14:30:12,469:INFO:Checking Exceptions
2021-06-05 14:30:12,470:INFO:Preloading libraries
2021-06-05 14:30:12,470:INFO:Preparing display monitor
2021-06-05 14:30:12,510:INFO:Importing libraries
2021-06-05 14:30:16,316:INFO:Copying data for preprocessing
2021-06-05 14:30:16,316:INFO:Declaring global variables
2021-06-05 14:30:16,319:INFO:Declaring preprocessing parameters
2021-06-05 14:30:16,319:INFO:Importing preprocessing module
2021-06-05 14:30:17,111:INFO:Creating preprocessing pipeline
2021-06-05 14:30:20,342:INFO:Preprocessing pipeline created successfully
2021-06-05 14:30:20,342:INFO:No inverse transformer found
2021-06-05 14:30:20,343:INFO:Creating grid variables
2021-06-05 14:30:20,344:INFO:Creating global containers
2021-06-05 14:30:20,826:INFO:create_model_container: 0
2021-06-05 14:30:20,826:INFO:master_model_container: 0
2021-06-05 14:30:20,826:INFO:display_container: 0
2021-06-05 14:30:20,826:INFO:setup() succesfully completed......................................
2021-06-05 14:30:20,827:INFO:Initializing create_model()
2021-06-05 14:30:20,827:INFO:create_model(estimator=lr, ensemble=False, method=None, fold=10, round=4, cross_validation=True, verbose=False, system=True)
2021-06-05 14:30:20,827:INFO:Checking exceptions
2021-06-05 14:30:20,827:INFO:Preloading libraries
2021-06-05 14:30:20,827:INFO:Preparing display monitor
2021-06-05 14:30:20,841:INFO:Copying training dataset
2021-06-05 14:30:20,841:INFO:Importing libraries
2021-06-05 14:30:20,841:INFO:Defining folds
2021-06-05 14:30:20,842:INFO:Declaring metric variables
2021-06-05 14:30:20,842:INFO:Linear Regression Imported succesfully
2021-06-05 14:30:20,842:INFO:Checking ensemble method
2021-06-05 14:30:20,843:INFO:Initializing Fold 1
2021-06-05 14:30:20,845:INFO:Fitting Model
2021-06-05 14:30:20,865:INFO:Evaluating Metrics
2021-06-05 14:30:20,871:INFO:No inverse transformation
2021-06-05 14:30:20,871:INFO:Compiling Metrics
2021-06-05 14:30:20,881:INFO:Initializing Fold 2
2021-06-05 14:30:20,882:INFO:Fitting Model
2021-06-05 14:30:20,891:INFO:Evaluating Metrics
2021-06-05 14:30:20,894:INFO:No inverse transformation
2021-06-05 14:30:20,895:INFO:Compiling Metrics
2021-06-05 14:30:20,905:INFO:Initializing Fold 3
2021-06-05 14:30:20,907:INFO:Fitting Model
2021-06-05 14:30:20,916:INFO:Evaluating Metrics
2021-06-05 14:30:20,920:INFO:No inverse transformation
2021-06-05 14:30:20,922:INFO:Compiling Metrics
2021-06-05 14:30:20,931:INFO:Initializing Fold 4
2021-06-05 14:30:20,935:INFO:Fitting Model
2021-06-05 14:30:20,944:INFO:Evaluating Metrics
2021-06-05 14:30:20,948:INFO:No inverse transformation
2021-06-05 14:30:20,949:INFO:Compiling Metrics
2021-06-05 14:30:20,959:INFO:Initializing Fold 5
2021-06-05 14:30:20,961:INFO:Fitting Model
2021-06-05 14:30:20,970:INFO:Evaluating Metrics
2021-06-05 14:30:20,975:INFO:No inverse transformation
2021-06-05 14:30:20,975:INFO:Compiling Metrics
2021-06-05 14:30:20,986:INFO:Initializing Fold 6
2021-06-05 14:30:20,989:INFO:Fitting Model
2021-06-05 14:30:20,998:INFO:Evaluating Metrics
2021-06-05 14:30:21,002:INFO:No inverse transformation
2021-06-05 14:30:21,003:INFO:Compiling Metrics
2021-06-05 14:30:21,012:INFO:Initializing Fold 7
2021-06-05 14:30:21,015:INFO:Fitting Model
2021-06-05 14:30:21,030:INFO:Evaluating Metrics
2021-06-05 14:30:21,036:INFO:No inverse transformation
2021-06-05 14:30:21,036:INFO:Compiling Metrics
2021-06-05 14:30:21,048:INFO:Initializing Fold 8
2021-06-05 14:30:21,050:INFO:Fitting Model
2021-06-05 14:30:21,059:INFO:Evaluating Metrics
2021-06-05 14:30:21,064:INFO:No inverse transformation
2021-06-05 14:30:21,065:INFO:Compiling Metrics
2021-06-05 14:30:21,074:INFO:Initializing Fold 9
2021-06-05 14:30:21,076:INFO:Fitting Model
2021-06-05 14:30:21,090:INFO:Evaluating Metrics
2021-06-05 14:30:21,095:INFO:No inverse transformation
2021-06-05 14:30:21,096:INFO:Compiling Metrics
2021-06-05 14:30:21,109:INFO:Initializing Fold 10
2021-06-05 14:30:21,111:INFO:Fitting Model
2021-06-05 14:30:21,120:INFO:Evaluating Metrics
2021-06-05 14:30:21,124:INFO:No inverse transformation
2021-06-05 14:30:21,125:INFO:Compiling Metrics
2021-06-05 14:30:21,137:INFO:Calculating mean and std
2021-06-05 14:30:21,139:INFO:Creating metrics dataframe
2021-06-05 14:30:21,146:INFO:Finalizing model
2021-06-05 14:30:21,162:INFO:Uploading results into container
2021-06-05 14:30:21,164:INFO:Uploading model into container
2021-06-05 14:30:21,164:INFO:create_model_container: 1
2021-06-05 14:30:21,165:INFO:master_model_container: 1
2021-06-05 14:30:21,165:INFO:display_container: 1
2021-06-05 14:30:21,166:INFO:LinearRegression(copy_X=True, fit_intercept=True, n_jobs=-1, normalize=False)
2021-06-05 14:30:21,167:INFO:create_model() succesfully completed......................................
2021-06-05 14:30:21,168:INFO:Initializing save_model()
2021-06-05 14:30:21,169:INFO:save_model(model=LinearRegression(copy_X=True, fit_intercept=True, n_jobs=-1, normalize=False), model_name=l, verbose=True)
2021-06-05 14:30:21,169:INFO:Appending prep pipeline
2021-06-05 14:30:21,232:INFO:l.pkl saved in current working directory
2021-06-05 14:30:21,262:INFO:[Pipeline(memory=None,
         steps=[('dtypes',
                 DataTypes_Auto_infer(categorical_features=[],
                                      display_types=False, features_todrop=[],
                                      ml_usecase='regression',
                                      numerical_features=[], target='charges',
                                      time_features=[])),
                ('imputer',
                 Simple_Imputer(categorical_strategy='not_available',
                                numeric_strategy='mean',
                                target_variable=None)),
                ('new_levels1',
                 New_Catagorical_Level...
                ('rem_outliers', Empty()), ('cluster_all', Empty()),
                ('dummy', Dummify(target='charges')), ('fix_perfect', Empty()),
                ('clean_names', Clean_Colum_Names()),
                ('feature_select', Empty()), ('fix_multi', Empty()),
                ('dfs',
                 DFS_Classic(interactions=['multiply'], ml_usecase='regression',
                             random_state=123, subclass='binary',
                             target='charges',
                             top_features_to_pick_percentage=None)),
                ('pca', Empty())],
         verbose=False), LinearRegression(copy_X=True, fit_intercept=True, n_jobs=-1, normalize=False), None]
2021-06-05 14:30:21,262:INFO:save_model() succesfully completed......................................
2021-06-05 10:07:06,060:INFO:PyCaret Regression Module
2021-06-05 10:07:06,088:INFO:version 2.0
2021-06-05 10:07:06,089:INFO:Initializing setup()
2021-06-05 10:07:06,089:INFO:USI: 7a4d
2021-06-05 10:07:06,090:INFO:setup(data=(1338, 7), target=charges, train_size=0.7, sampling=True, sample_estimator=None, categorical_features=None, categorical_imputation=constant, ordinal_features=None,
                    high_cardinality_features=None, high_cardinality_method=frequency, numeric_features=None, numeric_imputation=mean, date_features=None, ignore_features=None, normalize=True,
                    normalize_method=zscore, transformation=False, transformation_method=yeo-johnson, handle_unknown_categorical=True, unknown_categorical_method=least_frequent, pca=False, pca_method=linear,
                    pca_components=None, ignore_low_variance=False, combine_rare_levels=False, rare_level_threshold=0.1, bin_numeric_features=['age', 'bmi'], remove_outliers=False, outliers_threshold=0.05,
                    remove_multicollinearity=False, multicollinearity_threshold=0.9, remove_perfect_collinearity=False, create_clusters=False, cluster_iter=20,
                    polynomial_features=True, polynomial_degree=2, trigonometry_features=True, polynomial_threshold=0.1, group_features=None,
                    group_names=None, feature_selection=False, feature_selection_threshold=0.8, feature_interaction=True, feature_ratio=False, interaction_threshold=0.01, transform_target=False,
                    transform_target_method=box-cox, data_split_shuffle=True, folds_shuffle=False, n_jobs=-1, html=True, session_id=123, log_experiment=False,
                    experiment_name=None, log_plots=False, log_profile=False, log_data=False, silent=True, verbose=True, profile=False)
2021-06-05 10:07:06,090:INFO:Checking environment
2021-06-05 10:07:06,090:INFO:python_version: 3.7.10
2021-06-05 10:07:06,090:INFO:python_build: ('default', 'May 12 2021 16:05:48')
2021-06-05 10:07:06,091:INFO:machine: x86_64
2021-06-05 10:07:06,141:INFO:platform: Linux-4.15.0-144-generic-x86_64-with-debian-10.9
2021-06-05 10:07:06,143:WARNING:cannot find psutil installation. memory not traceable. Install psutil using pip to enable memory logging. 
2021-06-05 10:07:06,144:INFO:Checking libraries
2021-06-05 10:07:06,144:INFO:pd==1.2.4
2021-06-05 10:07:06,144:INFO:numpy==1.19.5
2021-06-05 10:07:12,777:INFO:sklearn==0.23.2
2021-06-05 10:07:13,682:INFO:xgboost==1.4.2
2021-06-05 10:07:14,853:INFO:lightgbm==3.2.1
2021-06-05 10:07:17,098:INFO:catboost==0.26
2021-06-05 10:07:19,693:INFO:mlflow==1.17.0
2021-06-05 10:07:19,693:INFO:Checking Exceptions
2021-06-05 10:07:19,694:INFO:Preloading libraries
2021-06-05 10:07:19,695:INFO:Preparing display monitor
2021-06-05 10:07:19,754:INFO:Importing libraries
2021-06-05 10:07:25,763:INFO:Copying data for preprocessing
2021-06-05 10:07:25,764:INFO:Declaring global variables
2021-06-05 10:07:25,768:INFO:Declaring preprocessing parameters
2021-06-05 10:07:25,768:INFO:Importing preprocessing module
2021-06-05 10:07:32,306:INFO:Creating preprocessing pipeline
2021-06-05 10:07:36,868:INFO:Preprocessing pipeline created successfully
2021-06-05 10:07:36,868:INFO:No inverse transformer found
2021-06-05 10:07:36,869:INFO:Creating grid variables
2021-06-05 10:07:36,871:INFO:Creating global containers
2021-06-05 10:07:37,243:INFO:create_model_container: 0
2021-06-05 10:07:37,243:INFO:master_model_container: 0
2021-06-05 10:07:37,243:INFO:display_container: 0
2021-06-05 10:07:37,243:INFO:setup() succesfully completed......................................
2021-06-05 10:07:37,244:INFO:Initializing create_model()
2021-06-05 10:07:37,244:INFO:create_model(estimator=lr, ensemble=False, method=None, fold=10, round=4, cross_validation=True, verbose=False, system=True)
2021-06-05 10:07:37,244:INFO:Checking exceptions
2021-06-05 10:07:37,244:INFO:Preloading libraries
2021-06-05 10:07:37,244:INFO:Preparing display monitor
2021-06-05 10:07:37,255:INFO:Copying training dataset
2021-06-05 10:07:37,255:INFO:Importing libraries
2021-06-05 10:07:37,255:INFO:Defining folds
2021-06-05 10:07:37,256:INFO:Declaring metric variables
2021-06-05 10:07:37,256:INFO:Linear Regression Imported succesfully
2021-06-05 10:07:37,256:INFO:Checking ensemble method
2021-06-05 10:07:37,257:INFO:Initializing Fold 1
2021-06-05 10:07:37,258:INFO:Fitting Model
2021-06-05 10:07:37,470:INFO:Evaluating Metrics
2021-06-05 10:07:37,479:INFO:No inverse transformation
2021-06-05 10:07:37,480:INFO:Compiling Metrics
2021-06-05 10:07:37,493:INFO:Initializing Fold 2
2021-06-05 10:07:37,496:INFO:Fitting Model
2021-06-05 10:07:37,505:INFO:Evaluating Metrics
2021-06-05 10:07:37,509:INFO:No inverse transformation
2021-06-05 10:07:37,509:INFO:Compiling Metrics
2021-06-05 10:07:37,522:INFO:Initializing Fold 3
2021-06-05 10:07:37,523:INFO:Fitting Model
2021-06-05 10:07:37,534:INFO:Evaluating Metrics
2021-06-05 10:07:37,539:INFO:No inverse transformation
2021-06-05 10:07:37,539:INFO:Compiling Metrics
2021-06-05 10:07:37,550:INFO:Initializing Fold 4
2021-06-05 10:07:37,552:INFO:Fitting Model
2021-06-05 10:07:37,563:INFO:Evaluating Metrics
2021-06-05 10:07:37,568:INFO:No inverse transformation
2021-06-05 10:07:37,568:INFO:Compiling Metrics
2021-06-05 10:07:37,579:INFO:Initializing Fold 5
2021-06-05 10:07:37,581:INFO:Fitting Model
2021-06-05 10:07:37,589:INFO:Evaluating Metrics
2021-06-05 10:07:37,595:INFO:No inverse transformation
2021-06-05 10:07:37,595:INFO:Compiling Metrics
2021-06-05 10:07:37,605:INFO:Initializing Fold 6
2021-06-05 10:07:37,607:INFO:Fitting Model
2021-06-05 10:07:37,616:INFO:Evaluating Metrics
2021-06-05 10:07:37,620:INFO:No inverse transformation
2021-06-05 10:07:37,621:INFO:Compiling Metrics
2021-06-05 10:07:37,632:INFO:Initializing Fold 7
2021-06-05 10:07:37,634:INFO:Fitting Model
2021-06-05 10:07:37,642:INFO:Evaluating Metrics
2021-06-05 10:07:37,647:INFO:No inverse transformation
2021-06-05 10:07:37,648:INFO:Compiling Metrics
2021-06-05 10:07:37,659:INFO:Initializing Fold 8
2021-06-05 10:07:37,661:INFO:Fitting Model
2021-06-05 10:07:37,670:INFO:Evaluating Metrics
2021-06-05 10:07:37,674:INFO:No inverse transformation
2021-06-05 10:07:37,675:INFO:Compiling Metrics
2021-06-05 10:07:37,686:INFO:Initializing Fold 9
2021-06-05 10:07:37,687:INFO:Fitting Model
2021-06-05 10:07:37,697:INFO:Evaluating Metrics
2021-06-05 10:07:37,702:INFO:No inverse transformation
2021-06-05 10:07:37,702:INFO:Compiling Metrics
2021-06-05 10:07:37,713:INFO:Initializing Fold 10
2021-06-05 10:07:37,714:INFO:Fitting Model
2021-06-05 10:07:37,724:INFO:Evaluating Metrics
2021-06-05 10:07:37,731:INFO:No inverse transformation
2021-06-05 10:07:37,731:INFO:Compiling Metrics
2021-06-05 10:07:37,742:INFO:Calculating mean and std
2021-06-05 10:07:37,745:INFO:Creating metrics dataframe
2021-06-05 10:07:37,753:INFO:Finalizing model
2021-06-05 10:07:37,764:INFO:Uploading results into container
2021-06-05 10:07:37,764:INFO:Uploading model into container
2021-06-05 10:07:37,764:INFO:create_model_container: 1
2021-06-05 10:07:37,764:INFO:master_model_container: 1
2021-06-05 10:07:37,764:INFO:display_container: 1
2021-06-05 10:07:37,765:INFO:LinearRegression(copy_X=True, fit_intercept=True, n_jobs=-1, normalize=False)
2021-06-05 10:07:37,765:INFO:create_model() succesfully completed......................................
2021-06-05 10:07:37,766:INFO:Initializing save_model()
2021-06-05 10:07:37,766:INFO:save_model(model=LinearRegression(copy_X=True, fit_intercept=True, n_jobs=-1, normalize=False), model_name=deployment_02062021, verbose=True)
2021-06-05 10:07:37,766:INFO:Appending prep pipeline
2021-06-05 10:07:37,952:INFO:deployment_02062021.pkl saved in current working directory
2021-06-05 10:07:37,964:INFO:[Pipeline(memory=None,
         steps=[('dtypes',
                 DataTypes_Auto_infer(categorical_features=[],
                                      display_types=False, features_todrop=[],
                                      ml_usecase='regression',
                                      numerical_features=[], target='charges',
                                      time_features=[])),
                ('imputer',
                 Simple_Imputer(categorical_strategy='not_available',
                                numeric_strategy='mean',
                                target_variable=None)),
                ('new_levels1',
                 New_Catagorical_Level...
                ('rem_outliers', Empty()), ('cluster_all', Empty()),
                ('dummy', Dummify(target='charges')), ('fix_perfect', Empty()),
                ('clean_names', Clean_Colum_Names()),
                ('feature_select', Empty()), ('fix_multi', Empty()),
                ('dfs',
                 DFS_Classic(interactions=['multiply'], ml_usecase='regression',
                             random_state=123, subclass='binary',
                             target='charges',
                             top_features_to_pick_percentage=None)),
                ('pca', Empty())],
         verbose=False), LinearRegression(copy_X=True, fit_intercept=True, n_jobs=-1, normalize=False), None]
2021-06-05 10:07:37,964:INFO:save_model() succesfully completed......................................
2021-06-05 11:07:51,009:INFO:PyCaret Regression Module
2021-06-05 11:07:51,037:INFO:version 2.0
2021-06-05 11:07:51,037:INFO:Initializing setup()
2021-06-05 11:07:51,038:INFO:USI: b0fc
2021-06-05 11:07:51,038:INFO:setup(data=(1338, 7), target=charges, train_size=0.7, sampling=True, sample_estimator=None, categorical_features=None, categorical_imputation=constant, ordinal_features=None,
                    high_cardinality_features=None, high_cardinality_method=frequency, numeric_features=None, numeric_imputation=mean, date_features=None, ignore_features=None, normalize=True,
                    normalize_method=zscore, transformation=False, transformation_method=yeo-johnson, handle_unknown_categorical=True, unknown_categorical_method=least_frequent, pca=False, pca_method=linear,
                    pca_components=None, ignore_low_variance=False, combine_rare_levels=False, rare_level_threshold=0.1, bin_numeric_features=['age', 'bmi'], remove_outliers=False, outliers_threshold=0.05,
                    remove_multicollinearity=False, multicollinearity_threshold=0.9, remove_perfect_collinearity=False, create_clusters=False, cluster_iter=20,
                    polynomial_features=True, polynomial_degree=2, trigonometry_features=True, polynomial_threshold=0.1, group_features=None,
                    group_names=None, feature_selection=False, feature_selection_threshold=0.8, feature_interaction=True, feature_ratio=False, interaction_threshold=0.01, transform_target=False,
                    transform_target_method=box-cox, data_split_shuffle=True, folds_shuffle=False, n_jobs=-1, html=True, session_id=123, log_experiment=False,
                    experiment_name=None, log_plots=False, log_profile=False, log_data=False, silent=True, verbose=True, profile=False)
2021-06-05 11:07:51,039:INFO:Checking environment
2021-06-05 11:07:51,039:INFO:python_version: 3.7.10
2021-06-05 11:07:51,039:INFO:python_build: ('default', 'May 12 2021 16:05:48')
2021-06-05 11:07:51,040:INFO:machine: x86_64
2021-06-05 11:07:51,056:INFO:platform: Linux-4.15.0-144-generic-x86_64-with-debian-10.9
2021-06-05 11:07:51,058:WARNING:cannot find psutil installation. memory not traceable. Install psutil using pip to enable memory logging. 
2021-06-05 11:07:51,058:INFO:Checking libraries
2021-06-05 11:07:51,059:INFO:pd==1.2.4
2021-06-05 11:07:51,059:INFO:numpy==1.19.5
2021-06-05 11:07:54,678:INFO:sklearn==0.23.2
2021-06-05 11:07:55,243:INFO:xgboost==1.4.2
2021-06-05 11:07:56,141:INFO:lightgbm==3.2.1
2021-06-05 11:07:57,706:INFO:catboost==0.26
2021-06-05 11:07:59,781:INFO:mlflow==1.17.0
2021-06-05 11:07:59,782:INFO:Checking Exceptions
2021-06-05 11:07:59,782:INFO:Preloading libraries
2021-06-05 11:07:59,783:INFO:Preparing display monitor
2021-06-05 11:07:59,857:INFO:Importing libraries
2021-06-05 11:08:04,591:INFO:Copying data for preprocessing
2021-06-05 11:08:04,592:INFO:Declaring global variables
2021-06-05 11:08:04,597:INFO:Declaring preprocessing parameters
2021-06-05 11:08:04,597:INFO:Importing preprocessing module
2021-06-05 11:08:09,962:INFO:Creating preprocessing pipeline
2021-06-05 11:08:13,395:INFO:Preprocessing pipeline created successfully
2021-06-05 11:08:13,419:INFO:No inverse transformer found
2021-06-05 11:08:13,419:INFO:Creating grid variables
2021-06-05 11:08:13,422:INFO:Creating global containers
2021-06-05 11:08:13,821:INFO:create_model_container: 0
2021-06-05 11:08:13,821:INFO:master_model_container: 0
2021-06-05 11:08:13,821:INFO:display_container: 0
2021-06-05 11:08:13,821:INFO:setup() succesfully completed......................................
2021-06-05 11:08:13,822:INFO:Initializing create_model()
2021-06-05 11:08:13,822:INFO:create_model(estimator=lr, ensemble=False, method=None, fold=10, round=4, cross_validation=True, verbose=False, system=True)
2021-06-05 11:08:13,822:INFO:Checking exceptions
2021-06-05 11:08:13,822:INFO:Preloading libraries
2021-06-05 11:08:13,822:INFO:Preparing display monitor
2021-06-05 11:08:13,833:INFO:Copying training dataset
2021-06-05 11:08:13,834:INFO:Importing libraries
2021-06-05 11:08:13,834:INFO:Defining folds
2021-06-05 11:08:13,834:INFO:Declaring metric variables
2021-06-05 11:08:13,835:INFO:Linear Regression Imported succesfully
2021-06-05 11:08:13,835:INFO:Checking ensemble method
2021-06-05 11:08:13,836:INFO:Initializing Fold 1
2021-06-05 11:08:13,837:INFO:Fitting Model
2021-06-05 11:08:14,019:INFO:Evaluating Metrics
2021-06-05 11:08:14,025:INFO:No inverse transformation
2021-06-05 11:08:14,026:INFO:Compiling Metrics
2021-06-05 11:08:14,037:INFO:Initializing Fold 2
2021-06-05 11:08:14,040:INFO:Fitting Model
2021-06-05 11:08:14,050:INFO:Evaluating Metrics
2021-06-05 11:08:14,056:INFO:No inverse transformation
2021-06-05 11:08:14,056:INFO:Compiling Metrics
2021-06-05 11:08:14,068:INFO:Initializing Fold 3
2021-06-05 11:08:14,073:INFO:Fitting Model
2021-06-05 11:08:14,083:INFO:Evaluating Metrics
2021-06-05 11:08:14,089:INFO:No inverse transformation
2021-06-05 11:08:14,090:INFO:Compiling Metrics
2021-06-05 11:08:14,101:INFO:Initializing Fold 4
2021-06-05 11:08:14,104:INFO:Fitting Model
2021-06-05 11:08:14,114:INFO:Evaluating Metrics
2021-06-05 11:08:14,119:INFO:No inverse transformation
2021-06-05 11:08:14,119:INFO:Compiling Metrics
2021-06-05 11:08:14,133:INFO:Initializing Fold 5
2021-06-05 11:08:14,136:INFO:Fitting Model
2021-06-05 11:08:14,145:INFO:Evaluating Metrics
2021-06-05 11:08:14,151:INFO:No inverse transformation
2021-06-05 11:08:14,152:INFO:Compiling Metrics
2021-06-05 11:08:14,164:INFO:Initializing Fold 6
2021-06-05 11:08:14,166:INFO:Fitting Model
2021-06-05 11:08:14,176:INFO:Evaluating Metrics
2021-06-05 11:08:14,181:INFO:No inverse transformation
2021-06-05 11:08:14,182:INFO:Compiling Metrics
2021-06-05 11:08:14,194:INFO:Initializing Fold 7
2021-06-05 11:08:14,196:INFO:Fitting Model
2021-06-05 11:08:14,205:INFO:Evaluating Metrics
2021-06-05 11:08:14,212:INFO:No inverse transformation
2021-06-05 11:08:14,213:INFO:Compiling Metrics
2021-06-05 11:08:14,225:INFO:Initializing Fold 8
2021-06-05 11:08:14,228:INFO:Fitting Model
2021-06-05 11:08:14,237:INFO:Evaluating Metrics
2021-06-05 11:08:14,243:INFO:No inverse transformation
2021-06-05 11:08:14,244:INFO:Compiling Metrics
2021-06-05 11:08:14,255:INFO:Initializing Fold 9
2021-06-05 11:08:14,257:INFO:Fitting Model
2021-06-05 11:08:14,267:INFO:Evaluating Metrics
2021-06-05 11:08:14,272:INFO:No inverse transformation
2021-06-05 11:08:14,273:INFO:Compiling Metrics
2021-06-05 11:08:14,284:INFO:Initializing Fold 10
2021-06-05 11:08:14,287:INFO:Fitting Model
2021-06-05 11:08:14,296:INFO:Evaluating Metrics
2021-06-05 11:08:14,302:INFO:No inverse transformation
2021-06-05 11:08:14,303:INFO:Compiling Metrics
2021-06-05 11:08:14,314:INFO:Calculating mean and std
2021-06-05 11:08:14,316:INFO:Creating metrics dataframe
2021-06-05 11:08:14,325:INFO:Finalizing model
2021-06-05 11:08:14,335:INFO:Uploading results into container
2021-06-05 11:08:14,336:INFO:Uploading model into container
2021-06-05 11:08:14,337:INFO:create_model_container: 1
2021-06-05 11:08:14,337:INFO:master_model_container: 1
2021-06-05 11:08:14,337:INFO:display_container: 1
2021-06-05 11:08:14,338:INFO:LinearRegression(copy_X=True, fit_intercept=True, n_jobs=-1, normalize=False)
2021-06-05 11:08:14,338:INFO:create_model() succesfully completed......................................
2021-06-05 11:08:14,339:INFO:Initializing save_model()
2021-06-05 11:08:14,339:INFO:save_model(model=LinearRegression(copy_X=True, fit_intercept=True, n_jobs=-1, normalize=False), model_name=deployment_02062021, verbose=True)
2021-06-05 11:08:14,339:INFO:Appending prep pipeline
2021-06-05 11:08:14,436:INFO:deployment_02062021.pkl saved in current working directory
2021-06-05 11:08:14,447:INFO:[Pipeline(memory=None,
         steps=[('dtypes',
                 DataTypes_Auto_infer(categorical_features=[],
                                      display_types=False, features_todrop=[],
                                      ml_usecase='regression',
                                      numerical_features=[], target='charges',
                                      time_features=[])),
                ('imputer',
                 Simple_Imputer(categorical_strategy='not_available',
                                numeric_strategy='mean',
                                target_variable=None)),
                ('new_levels1',
                 New_Catagorical_Level...
                ('rem_outliers', Empty()), ('cluster_all', Empty()),
                ('dummy', Dummify(target='charges')), ('fix_perfect', Empty()),
                ('clean_names', Clean_Colum_Names()),
                ('feature_select', Empty()), ('fix_multi', Empty()),
                ('dfs',
                 DFS_Classic(interactions=['multiply'], ml_usecase='regression',
                             random_state=123, subclass='binary',
                             target='charges',
                             top_features_to_pick_percentage=None)),
                ('pca', Empty())],
         verbose=False), LinearRegression(copy_X=True, fit_intercept=True, n_jobs=-1, normalize=False), None]
2021-06-05 11:08:14,447:INFO:save_model() succesfully completed......................................
